<?xml version="1.0" encoding="UTF-8"?>
<!-- Generated by org.testng.reporters.JUnitReportReporter -->
<testsuite hostname="mehzabins-MacBook-Air.local" failures="0" tests="1" name="testcases.GoogleExcellSheetTest" time="54.059" errors="0" timestamp="18 Jan 2018 23:40:45 GMT" skipped="0">
  <testcase classname="testcases.GoogleExcellSheetTest" name="verifygoggleExcelraeder" time="54.059"/>
</testsuite> <!-- testcases.GoogleExcellSheetTest -->
