<?xml version="1.0" encoding="UTF-8"?>
<!-- Generated by org.testng.reporters.JUnitReportReporter -->
<testsuite hostname="mehzabins-MacBook-Air.local" failures="1" tests="16" name="testcases.HomepageTest" time="26.425" errors="0" timestamp="13 Jan 2018 23:09:20 GMT" skipped="14">
  <testcase classname="testcases.HomepageTest" name="verifySearchBoxTest" time="12.190"/>
  <testcase classname="testcases.HomepageTest" name="verifyLogoTest" time="14.235">
    <failure message="expected [true] but found []" type="java.lang.AssertionError">
      <![CDATA[java.lang.AssertionError: expected [true] but found []at org.testng.Assert.fail(Assert.java:96)at org.testng.Assert.failNotEquals(Assert.java:776)at org.testng.Assert.assertEqualsImpl(Assert.java:137)at org.testng.Assert.assertEquals(Assert.java:118)at org.testng.Assert.assertEquals(Assert.java:442)at testcases.HomepageTest.verifyLogoTest(HomepageTest.java:118)at java.base/jdk.internal.reflect.NativeMethodAccessorImpl.invoke0(Native Method)at java.base/jdk.internal.reflect.NativeMethodAccessorImpl.invoke(NativeMethodAccessorImpl.java:62)at java.base/jdk.internal.reflect.DelegatingMethodAccessorImpl.invoke(DelegatingMethodAccessorImpl.java:43)at java.base/java.lang.reflect.Method.invoke(Method.java:564)at org.testng.internal.MethodInvocationHelper.invokeMethod(MethodInvocationHelper.java:124)at org.testng.internal.Invoker.invokeMethod(Invoker.java:571)at org.testng.internal.Invoker.invokeTestMethod(Invoker.java:707)at org.testng.internal.Invoker.invokeTestMethods(Invoker.java:979)at org.testng.internal.TestMethodWorker.invokeTestMethods(TestMethodWorker.java:125)at org.testng.internal.TestMethodWorker.run(TestMethodWorker.java:109)at org.testng.TestRunner.privateRun(TestRunner.java:648)at org.testng.TestRunner.run(TestRunner.java:505)at org.testng.SuiteRunner.runTest(SuiteRunner.java:455)at org.testng.SuiteRunner.runSequentially(SuiteRunner.java:450)at org.testng.SuiteRunner.privateRun(SuiteRunner.java:415)at org.testng.SuiteRunner.run(SuiteRunner.java:364)at org.testng.SuiteRunnerWorker.runSuite(SuiteRunnerWorker.java:52)at org.testng.SuiteRunnerWorker.run(SuiteRunnerWorker.java:84)at org.testng.TestNG.runSuitesSequentially(TestNG.java:1187)at org.testng.TestNG.runSuitesLocally(TestNG.java:1116)at org.testng.TestNG.runSuites(TestNG.java:1028)at org.testng.TestNG.run(TestNG.java:996)at org.testng.IDEARemoteTestNG.run(IDEARemoteTestNG.java:72)at org.testng.RemoteTestNGStarter.main(RemoteTestNGStarter.java:123)]]>
    </failure>
  </testcase> <!-- verifyLogoTest -->
  <testcase classname="testcases.HomepageTest" name="verifydepartmentTest">
    <skipped/>
  </testcase> <!-- verifydepartmentTest -->
  <testcase classname="testcases.HomepageTest" name="verifyURL">
    <skipped/>
  </testcase> <!-- verifyURL -->
  <testcase classname="testcases.HomepageTest" name="verifyAccountTest">
    <skipped/>
  </testcase> <!-- verifyAccountTest -->
  <testcase classname="testcases.HomepageTest" name="verifyTrackOrderTest">
    <skipped/>
  </testcase> <!-- verifyTrackOrderTest -->
  <testcase classname="testcases.HomepageTest" name="verifyHelpLinkStatusTest">
    <skipped/>
  </testcase> <!-- verifyHelpLinkStatusTest -->
  <testcase classname="testcases.HomepageTest" name="verifyGiftCardTest">
    <skipped/>
  </testcase> <!-- verifyGiftCardTest -->
  <testcase classname="testcases.HomepageTest" name="checkAccountButton">
    <skipped/>
  </testcase> <!-- checkAccountButton -->
  <testcase classname="testcases.HomepageTest" name="veifyTitle">
    <skipped/>
  </testcase> <!-- veifyTitle -->
  <testcase classname="testcases.HomepageTest" name="verifyChooseStoreTest">
    <skipped/>
  </testcase> <!-- verifyChooseStoreTest -->
  <testcase classname="testcases.HomepageTest" name="verifyFindStoreTest">
    <skipped/>
  </testcase> <!-- verifyFindStoreTest -->
  <testcase classname="testcases.HomepageTest" name="verifyCreditCardTest">
    <skipped/>
  </testcase> <!-- verifyCreditCardTest -->
  <testcase classname="testcases.HomepageTest" name="verifyCartTest">
    <skipped/>
  </testcase> <!-- verifyCartTest -->
  <testcase classname="testcases.HomepageTest" name="verifyForTheProTest">
    <skipped/>
  </testcase> <!-- verifyForTheProTest -->
  <testcase classname="testcases.HomepageTest" name="verifyMylistTest">
    <skipped/>
  </testcase> <!-- verifyMylistTest -->
</testsuite> <!-- testcases.HomepageTest -->
